[debug] [2025-07-15T01:31:31.618Z] ----------------------------------------------------------------------
[debug] [2025-07-15T01:31:31.621Z] Command:       C:\Program Files\nodejs\node.exe C:\Users\facun\AppData\Roaming\npm\node_modules\firebase-tools\lib\bin\firebase.js init
[debug] [2025-07-15T01:31:31.623Z] CLI Version:   14.10.1
[debug] [2025-07-15T01:31:31.623Z] Platform:      win32
[debug] [2025-07-15T01:31:31.623Z] Node Version:  v22.17.0
[debug] [2025-07-15T01:31:31.624Z] Time:          Mon Jul 14 2025 22:31:31 GMT-0300 (hora estándar de Argentina)
[debug] [2025-07-15T01:31:31.624Z] ----------------------------------------------------------------------
[debug] 
[debug] [2025-07-15T01:31:31.909Z] > command requires scopes: ["email","openid","https://www.googleapis.com/auth/cloudplatformprojects.readonly","https://www.googleapis.com/auth/firebase","https://www.googleapis.com/auth/cloud-platform"]
[debug] [2025-07-15T01:31:31.910Z] > authorizing via signed-in user (facundonlobos@gmail.com)
[info] 
     ######## #### ########  ######## ########     ###     ######  ########
     ##        ##  ##     ## ##       ##     ##  ##   ##  ##       ##
     ######    ##  ########  ######   ########  #########  ######  ######
     ##        ##  ##    ##  ##       ##     ## ##     ##       ## ##
     ##       #### ##     ## ######## ########  ##     ##  ######  ########

You're about to initialize a Firebase project in this directory:

  C:\ProyectoApp\appadeleros

Before we get started, keep in mind:

  * You are currently outside your home directory
  * You are initializing within an existing Firebase project directory

[info] 
=== Project Setup
[info] 
[info] First, let's associate this project directory with a Firebase project.
[info] You can create multiple project aliases by running firebase use --add, 
[info] but for now we'll just set up a default project.
[info] 
[debug] [2025-07-15T01:33:26.191Z] Checked if tokens are valid: true, expires at: 1752546668263
[debug] [2025-07-15T01:33:26.191Z] Checked if tokens are valid: true, expires at: 1752546668263
[debug] [2025-07-15T01:33:26.193Z] >>> [apiv2][query] GET https://firebase.googleapis.com/v1beta1/projects pageSize=100
[debug] [2025-07-15T01:33:26.826Z] <<< [apiv2][status] GET https://firebase.googleapis.com/v1beta1/projects 200
[debug] [2025-07-15T01:33:26.826Z] <<< [apiv2][body] GET https://firebase.googleapis.com/v1beta1/projects [omitted]
[info] i  Using project appadeleros (APPadeleros) 
[info] 
=== Hosting Setup
[debug] [2025-07-15T01:33:32.258Z] Checked if tokens are valid: true, expires at: 1752546668263
[debug] [2025-07-15T01:33:32.259Z] Checked if tokens are valid: true, expires at: 1752546668263
[debug] [2025-07-15T01:33:32.259Z] >>> [apiv2][query] GET https://firebase.googleapis.com/v1beta1/projects/appadeleros [none]
[debug] [2025-07-15T01:33:32.596Z] <<< [apiv2][status] GET https://firebase.googleapis.com/v1beta1/projects/appadeleros 200
[debug] [2025-07-15T01:33:32.596Z] <<< [apiv2][body] GET https://firebase.googleapis.com/v1beta1/projects/appadeleros {"projectId":"appadeleros","projectNumber":"90894816994","displayName":"APPadeleros","name":"projects/appadeleros","resources":{"hostingSite":"appadeleros"},"state":"ACTIVE","etag":"1_e75501fc-697f-48cc-b0ee-8931a0c84b33"}
[info] 
[info] Your public directory is the folder (relative to your project directory) that
[info] will contain Hosting assets to be uploaded with firebase deploy. If you
[info] have a build process for your assets, use your build's output directory.
[info] 
[debug] [2025-07-15T01:37:32.428Z] >>> [apiv2][query] GET https://www.gstatic.com/firebasejs/releases.json [none]
[debug] [2025-07-15T01:37:32.493Z] <<< [apiv2][status] GET https://www.gstatic.com/firebasejs/releases.json 200
[debug] [2025-07-15T01:37:32.493Z] <<< [apiv2][body] GET https://www.gstatic.com/firebasejs/releases.json {"current":{"version":"11.10.0","browserURL":"https://www.gstatic.com/firebasejs/11.10.0/firebase.js","packageURL":"https://www.gstatic.com/firebasejs/11.10.0/firebase.tgz"},"live":{"version":"11.10","browserURL":"https://www.gstatic.com/firebasejs/live/11.10/firebase.js","packageURL":"https://www.gstatic.com/firebasejs/live/11.10/firebase.tgz"},"components":{"ai":"https://www.gstatic.com/firebasejs/11.10.0/firebase-ai.js","analytics":"https://www.gstatic.com/firebasejs/11.10.0/firebase-analytics.js","app":"https://www.gstatic.com/firebasejs/11.10.0/firebase-app.js","app-check":"https://www.gstatic.com/firebasejs/11.10.0/firebase-app-check.js","auth":"https://www.gstatic.com/firebasejs/11.10.0/firebase-auth.js","auth/cordova":"https://www.gstatic.com/firebasejs/11.10.0/firebase-auth/cordova.js","auth/web-extension":"https://www.gstatic.com/firebasejs/11.10.0/firebase-auth/web-extension.js","functions":"https://www.gstatic.com/firebasejs/11.10.0/firebase-functions.js","firestore":"https://www.gstatic.com/firebasejs/11.10.0/firebase-firestore.js","firestore/lite":"https://www.gstatic.com/firebasejs/11.10.0/firebase-firestore/lite.js","installations":"https://www.gstatic.com/firebasejs/11.10.0/firebase-installations.js","storage":"https://www.gstatic.com/firebasejs/11.10.0/firebase-storage.js","performance":"https://www.gstatic.com/firebasejs/11.10.0/firebase-performance.js","remote-config":"https://www.gstatic.com/firebasejs/11.10.0/firebase-remote-config.js","messaging":"https://www.gstatic.com/firebasejs/11.10.0/firebase-messaging.js","messaging/sw":"https://www.gstatic.com/firebasejs/11.10.0/firebase-messaging/sw.js","database":"https://www.gstatic.com/firebasejs/11.10.0/firebase-database.js","vertexai":"https://www.gstatic.com/firebasejs/11.10.0/firebase-vertexai.js","data-connect":"https://www.gstatic.com/firebasejs/11.10.0/firebase-data-connect.js","firestore.memory":"https://www.gstatic.com/firebasejs/11.10.0/firebase-firestore.memory.js"}}
[info] +  Wrote dist/index.html 
[info] 
[info] i  Didn't detect a .git folder. Assuming C:\ProyectoApp\appadeleros is the project root. 
[info] i  Authorizing with GitHub to upload your service account to a GitHub repository's secrets store. 
[info] 
[info] Visit this URL on this device to log in:
[info] https://github.com/login/oauth/authorize?client_id=89cf50f02ac6aaed3484&state=401951864&redirect_uri=http%3A%2F%2Flocalhost%3A9005&scope=read%3Auser%20repo%20public_repo
[info] 
[info] Waiting for authentication...
[debug] [2025-07-15T01:37:55.730Z] >>> [apiv2][query] POST https://github.com/login/oauth/access_token [none]
[debug] [2025-07-15T01:37:55.730Z] >>> [apiv2][body] POST https://github.com/login/oauth/access_token [stream]
[debug] [2025-07-15T01:37:56.105Z] <<< [apiv2][status] POST https://github.com/login/oauth/access_token 200
[debug] [2025-07-15T01:37:56.105Z] <<< [apiv2][body] POST https://github.com/login/oauth/access_token {"access_token":"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","token_type":"bearer","scope":"read:user,repo"}
[debug] [2025-07-15T01:37:56.112Z] >>> [apiv2][query] GET https://api.github.com/user [none]
[debug] [2025-07-15T01:37:56.519Z] <<< [apiv2][status] GET https://api.github.com/user 200
[debug] [2025-07-15T01:37:56.519Z] <<< [apiv2][body] GET https://api.github.com/user {"login":"Facu-Lobos","id":73859785,"node_id":"MDQ6VXNlcjczODU5Nzg1","avatar_url":"https://avatars.githubusercontent.com/u/73859785?v=4","gravatar_id":"","url":"https://api.github.com/users/Facu-Lobos","html_url":"https://github.com/Facu-Lobos","followers_url":"https://api.github.com/users/Facu-Lobos/followers","following_url":"https://api.github.com/users/Facu-Lobos/following{/other_user}","gists_url":"https://api.github.com/users/Facu-Lobos/gists{/gist_id}","starred_url":"https://api.github.com/users/Facu-Lobos/starred{/owner}{/repo}","subscriptions_url":"https://api.github.com/users/Facu-Lobos/subscriptions","organizations_url":"https://api.github.com/users/Facu-Lobos/orgs","repos_url":"https://api.github.com/users/Facu-Lobos/repos","events_url":"https://api.github.com/users/Facu-Lobos/events{/privacy}","received_events_url":"https://api.github.com/users/Facu-Lobos/received_events","type":"User","user_view_type":"private","site_admin":false,"name":"Facundo Lobos","company":null,"blog":"","location":"Villa Gesell","email":null,"hireable":null,"bio":null,"twitter_username":null,"notification_email":null,"public_repos":3,"public_gists":0,"followers":1,"following":0,"created_at":"2020-11-02T23:48:20Z","updated_at":"2025-07-15T01:37:49Z","private_gists":0,"total_private_repos":0,"owned_private_repos":0,"disk_usage":12591,"collaborators":0,"two_factor_authentication":false,"plan":{"name":"free","space":976562499,"collaborators":0,"private_repos":10000}}
[info] 
[info] +  Success! Logged into GitHub as Facu-Lobos 
[info] 
[debug] [2025-07-15T01:59:13.033Z] >>> [apiv2][query] GET https://api.github.com/repos/Facu-Lobos/appadeleros/actions/secrets/public-key type=owner
[debug] [2025-07-15T01:59:13.301Z] <<< [apiv2][status] GET https://api.github.com/repos/Facu-Lobos/appadeleros/actions/secrets/public-key 401
[debug] [2025-07-15T01:59:13.302Z] <<< [apiv2][body] GET https://api.github.com/repos/Facu-Lobos/appadeleros/actions/secrets/public-key {"message":"Bad credentials","documentation_url":"https://docs.github.com/rest","status":"401"}
